2015-10-30 00:27:15.158 ionicSideMenu[11544:586210] DiskCookieStorage changing policy from 2 to 0, cookie file: file:///Users/NiGi/Library/Developer/CoreSimulator/Devices/0A12CFE9-1446-488C-A39A-288F3933ADDB/data/Containers/Data/Application/8A620ED5-3B3C-46F9-975A-FE75CC770505/Library/Cookies/com.pat0359algonquin.ionicsidemenu.binarycookies
2015-10-30 00:27:15.291 ionicSideMenu[11544:586210] Apache Cordova native platform version 3.8.0 is starting.
2015-10-30 00:27:15.291 ionicSideMenu[11544:586210] Multi-tasking -> Device: YES, App: YES
2015-10-30 00:27:15.293 ionicSideMenu[11544:586210] Unlimited access to network resources
2015-10-30 00:27:15.358 ionicSideMenu[11544:586210] [CDVTimer][splashscreen] 39.740980ms
2015-10-30 00:27:15.366 ionicSideMenu[11544:586210] [CDVTimer][statusbar] 8.080959ms
2015-10-30 00:27:15.366 ionicSideMenu[11544:586210] [CDVTimer][keyboard] 0.293016ms
2015-10-30 00:27:15.367 ionicSideMenu[11544:586210] [CDVTimer][TotalPluginStartup] 48.582017ms
2015-10-30 00:27:15.417 ionicSideMenu[11544:586210] Resetting plugins due to page load.
2015-10-30 00:27:15.537 ionicSideMenu[11544:586210] Finished load of: file:///Users/NiGi/Library/Developer/CoreSimulator/Devices/0A12CFE9-1446-488C-A39A-288F3933ADDB/data/Containers/Bundle/Application/A8E6EFAD-22A2-43A8-83EA-1BBA2DE5AEC1/ionicSideMenu.app/www/index.html#/app/playlists
2015-10-30 00:30:07.119 ionicSideMenu[11784:588053] DiskCookieStorage changing policy from 2 to 0, cookie file: file:///Users/NiGi/Library/Developer/CoreSimulator/Devices/0A12CFE9-1446-488C-A39A-288F3933ADDB/data/Containers/Data/Application/626FB96C-7528-450C-A493-535DFF815E34/Library/Cookies/com.pat0359algonquin.ionicsidemenu.binarycookies
2015-10-30 00:30:07.160 ionicSideMenu[11784:588053] Apache Cordova native platform version 3.8.0 is starting.
2015-10-30 00:30:07.160 ionicSideMenu[11784:588053] Multi-tasking -> Device: YES, App: YES
2015-10-30 00:30:07.162 ionicSideMenu[11784:588053] Unlimited access to network resources
2015-10-30 00:30:07.221 ionicSideMenu[11784:588053] [CDVTimer][splashscreen] 36.445022ms
2015-10-30 00:30:07.229 ionicSideMenu[11784:588053] [CDVTimer][statusbar] 7.590950ms
2015-10-30 00:30:07.229 ionicSideMenu[11784:588053] [CDVTimer][keyboard] 0.084996ms
2015-10-30 00:30:07.229 ionicSideMenu[11784:588053] [CDVTimer][TotalPluginStartup] 44.656992ms
2015-10-30 00:30:07.258 ionicSideMenu[11784:588053] Resetting plugins due to page load.
2015-10-30 00:30:07.389 ionicSideMenu[11784:588053] Finished load of: file:///Users/NiGi/Library/Developer/CoreSimulator/Devices/0A12CFE9-1446-488C-A39A-288F3933ADDB/data/Containers/Bundle/Application/A1A70B40-F67F-4557-B7BC-30BFF8464F9F/ionicSideMenu.app/www/index.html#/app/playlists
2015-10-30 00:37:50.417 ionicSideMenu[12038:593160] DiskCookieStorage changing policy from 2 to 0, cookie file: file:///Users/NiGi/Library/Developer/CoreSimulator/Devices/0A12CFE9-1446-488C-A39A-288F3933ADDB/data/Containers/Data/Application/2B36EDA6-DB2A-4DB6-ACC6-8472540642DD/Library/Cookies/com.pat0359algonquin.ionicsidemenu.binarycookies
2015-10-30 00:37:50.470 ionicSideMenu[12038:593160] Apache Cordova native platform version 3.8.0 is starting.
2015-10-30 00:37:50.470 ionicSideMenu[12038:593160] Multi-tasking -> Device: YES, App: YES
2015-10-30 00:37:50.472 ionicSideMenu[12038:593160] Unlimited access to network resources
2015-10-30 00:37:50.598 ionicSideMenu[12038:593160] [CDVTimer][splashscreen] 96.490979ms
2015-10-30 00:37:50.606 ionicSideMenu[12038:593160] [CDVTimer][statusbar] 7.841051ms
2015-10-30 00:37:50.606 ionicSideMenu[12038:593160] [CDVTimer][keyboard] 0.101030ms
2015-10-30 00:37:50.606 ionicSideMenu[12038:593160] [CDVTimer][TotalPluginStartup] 105.060995ms
2015-10-30 00:37:50.637 ionicSideMenu[12038:593160] Resetting plugins due to page load.
2015-10-30 00:37:50.781 ionicSideMenu[12038:593160] Finished load of: file:///Users/NiGi/Library/Developer/CoreSimulator/Devices/0A12CFE9-1446-488C-A39A-288F3933ADDB/data/Containers/Bundle/Application/24A35D69-5CED-459C-90F5-034C2ADDEEF2/ionicSideMenu.app/www/index.html#/app/playlists
2015-10-30 00:39:11.116 ionicSideMenu[12271:594749] DiskCookieStorage changing policy from 2 to 0, cookie file: file:///Users/NiGi/Library/Developer/CoreSimulator/Devices/0A12CFE9-1446-488C-A39A-288F3933ADDB/data/Containers/Data/Application/D5412957-A29F-434E-89A3-405CD0E520C6/Library/Cookies/com.pat0359algonquin.ionicsidemenu.binarycookies
2015-10-30 00:39:11.158 ionicSideMenu[12271:594749] Apache Cordova native platform version 3.8.0 is starting.
2015-10-30 00:39:11.159 ionicSideMenu[12271:594749] Multi-tasking -> Device: YES, App: YES
2015-10-30 00:39:11.160 ionicSideMenu[12271:594749] Unlimited access to network resources
2015-10-30 00:39:11.220 ionicSideMenu[12271:594749] [CDVTimer][splashscreen] 37.369013ms
2015-10-30 00:39:11.228 ionicSideMenu[12271:594749] [CDVTimer][statusbar] 7.830024ms
2015-10-30 00:39:11.229 ionicSideMenu[12271:594749] [CDVTimer][keyboard] 0.108957ms
2015-10-30 00:39:11.229 ionicSideMenu[12271:594749] [CDVTimer][TotalPluginStartup] 45.944989ms
2015-10-30 00:39:11.259 ionicSideMenu[12271:594749] Resetting plugins due to page load.
2015-10-30 00:39:11.395 ionicSideMenu[12271:594749] Finished load of: file:///Users/NiGi/Library/Developer/CoreSimulator/Devices/0A12CFE9-1446-488C-A39A-288F3933ADDB/data/Containers/Bundle/Application/1060F36C-8AC3-496F-A43D-450B827B4136/ionicSideMenu.app/www/index.html#/app/playlists
2015-10-30 09:46:30.911 ionicSideMenu[13121:757065] DiskCookieStorage changing policy from 2 to 0, cookie file: file:///Users/NiGi/Library/Developer/CoreSimulator/Devices/0A12CFE9-1446-488C-A39A-288F3933ADDB/data/Containers/Data/Application/41736B9D-6831-4A3E-ACE5-B33007E2F758/Library/Cookies/com.pat0359algonquin.ionicsidemenu.binarycookies
2015-10-30 09:46:31.113 ionicSideMenu[13121:757065] Apache Cordova native platform version 3.8.0 is starting.
2015-10-30 09:46:31.113 ionicSideMenu[13121:757065] Multi-tasking -> Device: YES, App: YES
2015-10-30 09:46:31.116 ionicSideMenu[13121:757065] Unlimited access to network resources
2015-10-30 09:46:31.778 ionicSideMenu[13121:757065] [CDVTimer][splashscreen] 381.916046ms
2015-10-30 09:46:31.787 ionicSideMenu[13121:757065] [CDVTimer][statusbar] 8.382976ms
2015-10-30 09:46:31.787 ionicSideMenu[13121:757065] [CDVTimer][keyboard] 0.114977ms
2015-10-30 09:46:31.787 ionicSideMenu[13121:757065] [CDVTimer][TotalPluginStartup] 391.385019ms
2015-10-30 09:46:31.842 ionicSideMenu[13121:757065] Resetting plugins due to page load.
2015-10-30 09:46:32.045 ionicSideMenu[13121:757065] Finished load of: file:///Users/NiGi/Library/Developer/CoreSimulator/Devices/0A12CFE9-1446-488C-A39A-288F3933ADDB/data/Containers/Bundle/Application/3FEB14DE-F3A3-45F3-AEBD-511B6A59D3BC/ionicSideMenu.app/www/index.html#/app/list/1
2015-11-02 00:55:10.525 ionicSideMenu[16323:1358970] DiskCookieStorage changing policy from 2 to 0, cookie file: file:///Users/NiGi/Library/Developer/CoreSimulator/Devices/0A12CFE9-1446-488C-A39A-288F3933ADDB/data/Containers/Data/Application/373617D2-73D5-4CC3-9A93-C9EB3B397C88/Library/Cookies/com.pat0359algonquin.ionicsidemenu.binarycookies
2015-11-02 00:55:10.814 ionicSideMenu[16323:1358970] Apache Cordova native platform version 3.8.0 is starting.
2015-11-02 00:55:10.815 ionicSideMenu[16323:1358970] Multi-tasking -> Device: YES, App: YES
2015-11-02 00:55:10.828 ionicSideMenu[16323:1358970] Unlimited access to network resources
2015-11-02 00:55:11.584 ionicSideMenu[16323:1358970] [CDVTimer][splashscreen] 407.709002ms
2015-11-02 00:55:11.594 ionicSideMenu[16323:1358970] [CDVTimer][statusbar] 10.369003ms
2015-11-02 00:55:11.595 ionicSideMenu[16323:1358970] [CDVTimer][keyboard] 0.337005ms
2015-11-02 00:55:11.595 ionicSideMenu[16323:1358970] [CDVTimer][TotalPluginStartup] 418.976963ms
2015-11-02 00:55:11.674 ionicSideMenu[16323:1358970] Resetting plugins due to page load.
2015-11-02 00:55:11.935 ionicSideMenu[16323:1358970] Finished load of: file:///Users/NiGi/Library/Developer/CoreSimulator/Devices/0A12CFE9-1446-488C-A39A-288F3933ADDB/data/Containers/Bundle/Application/8178ECB4-793F-42A7-A144-968196F29059/ionicSideMenu.app/www/index.html#/app/list/1
2015-11-02 00:55:49.568 ionicSideMenu[16323:1358970] {"isVibrate":true,"isNotify":true}
2015-11-02 00:55:49.581 ionicSideMenu[16323:1358970] 00:55:49.580 WARNING:  997: Failure to setup sound, err = -50
2015-11-02 00:55:49.581 ionicSideMenu[16323:1358970] THREAD WARNING: ['Vibration'] took '12.609863' ms. Plugin should use a background thread.
2015-11-02 00:55:50.597 ionicSideMenu[16323:1358970] {"isVibrate":true,"isNotify":true}
2015-11-02 00:55:50.597 ionicSideMenu[16323:1358970] 00:55:50.597 WARNING:  997: Failure to setup sound, err = -50
2015-11-02 00:55:53.964 ionicSideMenu[16323:1358970] {"isVibrate":true,"isNotify":true}
2015-11-02 00:55:54.733 ionicSideMenu[16323:1358970] {"isVibrate":true,"isNotify":true}
2015-11-02 00:55:55.103 ionicSideMenu[16323:1358970] {"isVibrate":true,"isNotify":true}
2015-11-02 00:55:55.103 ionicSideMenu[16323:1358970] 00:55:55.103 WARNING:  997: Failure to setup sound, err = -50
2015-11-02 00:55:55.284 ionicSideMenu[16323:1358970] {"isVibrate":true,"isNotify":true}
2015-11-02 00:55:55.661 ionicSideMenu[16323:1358970] {"isVibrate":true,"isNotify":true}
2015-11-02 00:55:55.661 ionicSideMenu[16323:1358970] 00:55:55.661 WARNING:  997: Failure to setup sound, err = -50
2015-11-02 00:55:55.959 ionicSideMenu[16323:1358970] {"isVibrate":true,"isNotify":true}
2015-11-02 00:55:56.417 ionicSideMenu[16323:1358970] {"isVibrate":true,"isNotify":true}
2015-11-02 00:55:56.417 ionicSideMenu[16323:1358970] 00:55:56.417 WARNING:  997: Failure to setup sound, err = -50
2015-11-02 00:55:56.688 ionicSideMenu[16323:1358970] {"isVibrate":true,"isNotify":true}
2015-11-02 00:55:57.281 ionicSideMenu[16323:1358970] {"isVibrate":true,"isNotify":true}
2015-11-02 00:55:57.281 ionicSideMenu[16323:1358970] 00:55:57.281 WARNING:  997: Failure to setup sound, err = -50
2015-11-02 00:55:57.684 ionicSideMenu[16323:1358970] {"isVibrate":true,"isNotify":true}
2015-11-02 00:56:46.954 ionicSideMenu[16557:1360267] DiskCookieStorage changing policy from 2 to 0, cookie file: file:///Users/NiGi/Library/Developer/CoreSimulator/Devices/0A12CFE9-1446-488C-A39A-288F3933ADDB/data/Containers/Data/Application/C18DE6B3-A03D-49D7-8838-DF8F0DF1DF18/Library/Cookies/com.pat0359algonquin.ionicsidemenu.binarycookies
2015-11-02 00:56:47.002 ionicSideMenu[16557:1360267] Apache Cordova native platform version 3.8.0 is starting.
2015-11-02 00:56:47.002 ionicSideMenu[16557:1360267] Multi-tasking -> Device: YES, App: YES
2015-11-02 00:56:47.004 ionicSideMenu[16557:1360267] Unlimited access to network resources
2015-11-02 00:56:47.097 ionicSideMenu[16557:1360267] [CDVTimer][splashscreen] 65.982997ms
2015-11-02 00:56:47.105 ionicSideMenu[16557:1360267] [CDVTimer][statusbar] 7.547975ms
2015-11-02 00:56:47.105 ionicSideMenu[16557:1360267] [CDVTimer][keyboard] 0.074983ms
2015-11-02 00:56:47.105 ionicSideMenu[16557:1360267] [CDVTimer][TotalPluginStartup] 74.177027ms
2015-11-02 00:56:47.138 ionicSideMenu[16557:1360267] Resetting plugins due to page load.
2015-11-02 00:56:47.274 ionicSideMenu[16557:1360267] Finished load of: file:///Users/NiGi/Library/Developer/CoreSimulator/Devices/0A12CFE9-1446-488C-A39A-288F3933ADDB/data/Containers/Bundle/Application/3FED9CF5-713D-4650-964E-28C1BF1277CA/ionicSideMenu.app/www/index.html#/app/list/1
2015-11-02 01:41:34.047 ionicSideMenu[16557:1360267] Snapshotting a view that has not been rendered results in an empty snapshot. Ensure your view has been rendered at least once before snapshotting or snapshot after screen updates.
2015-11-02 01:41:36.422 ionicSideMenu[16557:1360267] {"isVibrate":true,"isNotify":true}
2015-11-02 01:41:36.423 ionicSideMenu[16557:1360267] 01:41:36.423 WARNING:  997: Failure to setup sound, err = -50
2015-11-02 01:41:37.342 ionicSideMenu[16557:1360267] {"isVibrate":true,"isNotify":true}
2015-11-02 01:41:37.997 ionicSideMenu[16557:1360267] {"isVibrate":true,"isNotify":true}
2015-11-02 01:41:37.998 ionicSideMenu[16557:1360267] 01:41:37.998 WARNING:  997: Failure to setup sound, err = -50
2015-11-02 01:41:38.382 ionicSideMenu[16557:1360267] {"isVibrate":true,"isNotify":true}
2015-11-02 01:41:38.578 ionicSideMenu[16557:1360267] {"isVibrate":true,"isNotify":true}
2015-11-02 01:41:38.579 ionicSideMenu[16557:1360267] 01:41:38.579 WARNING:  997: Failure to setup sound, err = -50
2015-11-02 01:41:38.934 ionicSideMenu[16557:1360267] {"isVibrate":true,"isNotify":true}
2015-11-02 01:41:39.204 ionicSideMenu[16557:1360267] {"isVibrate":true,"isNotify":true}
2015-11-02 01:41:39.205 ionicSideMenu[16557:1360267] 01:41:39.205 WARNING:  997: Failure to setup sound, err = -50
2015-11-02 01:41:39.621 ionicSideMenu[16557:1360267] {"isVibrate":true,"isNotify":true}
2015-11-02 01:41:40.273 ionicSideMenu[16557:1360267] {"isVibrate":true,"isNotify":true}
2015-11-02 01:41:40.273 ionicSideMenu[16557:1360267] 01:41:40.273 WARNING:  997: Failure to setup sound, err = -50
2015-11-02 01:41:40.831 ionicSideMenu[16557:1360267] {"isVibrate":true,"isNotify":true}
2015-11-02 01:41:40.832 ionicSideMenu[16557:1360267] 01:41:40.832 WARNING:  997: Failure to setup sound, err = -50
2015-11-02 01:41:41.567 ionicSideMenu[16557:1360267] {"isVibrate":true,"isNotify":true}
2015-11-02 01:41:41.568 ionicSideMenu[16557:1360267] 01:41:41.568 WARNING:  997: Failure to setup sound, err = -50
2015-11-02 01:41:43.589 ionicSideMenu[16557:1360267] {"isVibrate":true,"isNotify":true}
2015-11-02 01:41:44.273 ionicSideMenu[16557:1360267] {"isVibrate":true,"isNotify":true}
2015-11-02 01:41:44.868 ionicSideMenu[16557:1360267] {"isVibrate":true,"isNotify":true}
2015-11-02 04:00:51.928 ionicSideMenu[16557:1490564] XPC connection interrupted
2015-11-02 04:00:51.929 ionicSideMenu[16557:1490569] Terminating since there is no system app.
2015-11-03 19:08:59.211 ionicSideMenu[3112:317699] Apache Cordova native platform version 3.8.0 is starting.
2015-11-03 19:08:59.217 ionicSideMenu[3112:317699] Multi-tasking -> Device: YES, App: YES
2015-11-03 19:08:59.234 ionicSideMenu[3112:317699] Unlimited access to network resources
2015-11-03 19:09:00.151 ionicSideMenu[3112:317699] [CDVTimer][splashscreen] 530.986965ms
2015-11-03 19:09:00.160 ionicSideMenu[3112:317699] [CDVTimer][statusbar] 8.482993ms
2015-11-03 19:09:00.160 ionicSideMenu[3112:317699] [CDVTimer][keyboard] 0.353038ms
2015-11-03 19:09:00.161 ionicSideMenu[3112:317699] [CDVTimer][TotalPluginStartup] 540.428042ms
2015-11-03 19:09:00.247 ionicSideMenu[3112:317699] Resetting plugins due to page load.
2015-11-03 19:09:00.481 ionicSideMenu[3112:317699] Finished load of: file:///Users/NiGi/Library/Developer/CoreSimulator/Devices/0A12CFE9-1446-488C-A39A-288F3933ADDB/data/Containers/Bundle/Application/45A7EEC3-3015-4DAA-8117-C0188711C10E/ionicSideMenu.app/www/index.html#/app/list/1
